<?xml version="1.0" encoding="UTF-8"?>
<testsuite xmlns:xsi="http://www.w3.org/2001/XMLSchema-instance" xsi:noNamespaceSchemaLocation="https://maven.apache.org/surefire/maven-surefire-plugin/xsd/surefire-test-report.xsd" name="com.itheima.Springboot04ProfileApplicationTests" time="3.617" tests="1" errors="0" skipped="0" failures="0">
  <properties>
    <property name="gopherProxySet" value="false"/>
    <property name="awt.toolkit" value="sun.lwawt.macosx.LWCToolkit"/>
    <property name="socksProxyHost" value="127.0.0.1"/>
    <property name="http.proxyHost" value="127.0.0.1"/>
    <property name="java.specification.version" value="1.8"/>
    <property name="file.encoding.pkg" value="sun.io"/>
    <property name="sun.cpu.isalist" value=""/>
    <property name="sun.jnu.encoding" value="UTF-8"/>
    <property name="java.class.path" value="/Users/kaiyuan/Documents/projects/java/SpringBoot/springboot_04_profile/target/test-classes:/Users/kaiyuan/Documents/projects/java/SpringBoot/springboot_04_profile/target/classes:/Users/kaiyuan/Downloads/maven/repository/org/springframework/boot/spring-boot-starter-web/2.7.9/spring-boot-starter-web-2.7.9.jar:/Users/kaiyuan/Downloads/maven/repository/org/springframework/boot/spring-boot-starter/2.7.9/spring-boot-starter-2.7.9.jar:/Users/kaiyuan/Downloads/maven/repository/org/springframework/boot/spring-boot/2.7.9/spring-boot-2.7.9.jar:/Users/kaiyuan/Downloads/maven/repository/org/springframework/boot/spring-boot-autoconfigure/2.7.9/spring-boot-autoconfigure-2.7.9.jar:/Users/kaiyuan/Downloads/maven/repository/org/springframework/boot/spring-boot-starter-logging/2.7.9/spring-boot-starter-logging-2.7.9.jar:/Users/kaiyuan/Downloads/maven/repository/ch/qos/logback/logback-classic/1.2.11/logback-classic-1.2.11.jar:/Users/kaiyuan/Downloads/maven/repository/ch/qos/logback/logback-core/1.2.11/logback-core-1.2.11.jar:/Users/kaiyuan/Downloads/maven/repository/org/apache/logging/log4j/log4j-to-slf4j/2.17.2/log4j-to-slf4j-2.17.2.jar:/Users/kaiyuan/Downloads/maven/repository/org/apache/logging/log4j/log4j-api/2.17.2/log4j-api-2.17.2.jar:/Users/kaiyuan/Downloads/maven/repository/org/slf4j/jul-to-slf4j/1.7.36/jul-to-slf4j-1.7.36.jar:/Users/kaiyuan/Downloads/maven/repository/jakarta/annotation/jakarta.annotation-api/1.3.5/jakarta.annotation-api-1.3.5.jar:/Users/kaiyuan/Downloads/maven/repository/org/yaml/snakeyaml/1.30/snakeyaml-1.30.jar:/Users/kaiyuan/Downloads/maven/repository/org/springframework/boot/spring-boot-starter-json/2.7.9/spring-boot-starter-json-2.7.9.jar:/Users/kaiyuan/Downloads/maven/repository/com/fasterxml/jackson/core/jackson-databind/2.13.5/jackson-databind-2.13.5.jar:/Users/kaiyuan/Downloads/maven/repository/com/fasterxml/jackson/core/jackson-annotations/2.13.5/jackson-annotations-2.13.5.jar:/Users/kaiyuan/Downloads/maven/repository/com/fasterxml/jackson/core/jackson-core/2.13.5/jackson-core-2.13.5.jar:/Users/kaiyuan/Downloads/maven/repository/com/fasterxml/jackson/datatype/jackson-datatype-jdk8/2.13.5/jackson-datatype-jdk8-2.13.5.jar:/Users/kaiyuan/Downloads/maven/repository/com/fasterxml/jackson/datatype/jackson-datatype-jsr310/2.13.5/jackson-datatype-jsr310-2.13.5.jar:/Users/kaiyuan/Downloads/maven/repository/com/fasterxml/jackson/module/jackson-module-parameter-names/2.13.5/jackson-module-parameter-names-2.13.5.jar:/Users/kaiyuan/Downloads/maven/repository/org/springframework/boot/spring-boot-starter-tomcat/2.7.9/spring-boot-starter-tomcat-2.7.9.jar:/Users/kaiyuan/Downloads/maven/repository/org/apache/tomcat/embed/tomcat-embed-core/9.0.71/tomcat-embed-core-9.0.71.jar:/Users/kaiyuan/Downloads/maven/repository/org/apache/tomcat/embed/tomcat-embed-el/9.0.71/tomcat-embed-el-9.0.71.jar:/Users/kaiyuan/Downloads/maven/repository/org/apache/tomcat/embed/tomcat-embed-websocket/9.0.71/tomcat-embed-websocket-9.0.71.jar:/Users/kaiyuan/Downloads/maven/repository/org/springframework/spring-web/5.3.25/spring-web-5.3.25.jar:/Users/kaiyuan/Downloads/maven/repository/org/springframework/spring-beans/5.3.25/spring-beans-5.3.25.jar:/Users/kaiyuan/Downloads/maven/repository/org/springframework/spring-webmvc/5.3.25/spring-webmvc-5.3.25.jar:/Users/kaiyuan/Downloads/maven/repository/org/springframework/spring-aop/5.3.25/spring-aop-5.3.25.jar:/Users/kaiyuan/Downloads/maven/repository/org/springframework/spring-context/5.3.25/spring-context-5.3.25.jar:/Users/kaiyuan/Downloads/maven/repository/org/springframework/spring-expression/5.3.25/spring-expression-5.3.25.jar:/Users/kaiyuan/Downloads/maven/repository/org/springframework/boot/spring-boot-starter-test/2.7.9/spring-boot-starter-test-2.7.9.jar:/Users/kaiyuan/Downloads/maven/repository/org/springframework/boot/spring-boot-test/2.7.9/spring-boot-test-2.7.9.jar:/Users/kaiyuan/Downloads/maven/repository/org/springframework/boot/spring-boot-test-autoconfigure/2.7.9/spring-boot-test-autoconfigure-2.7.9.jar:/Users/kaiyuan/Downloads/maven/repository/com/jayway/jsonpath/json-path/2.7.0/json-path-2.7.0.jar:/Users/kaiyuan/Downloads/maven/repository/net/minidev/json-smart/2.4.8/json-smart-2.4.8.jar:/Users/kaiyuan/Downloads/maven/repository/net/minidev/accessors-smart/2.4.8/accessors-smart-2.4.8.jar:/Users/kaiyuan/Downloads/maven/repository/org/ow2/asm/asm/9.1/asm-9.1.jar:/Users/kaiyuan/Downloads/maven/repository/org/slf4j/slf4j-api/1.7.36/slf4j-api-1.7.36.jar:/Users/kaiyuan/Downloads/maven/repository/jakarta/xml/bind/jakarta.xml.bind-api/2.3.3/jakarta.xml.bind-api-2.3.3.jar:/Users/kaiyuan/Downloads/maven/repository/jakarta/activation/jakarta.activation-api/1.2.2/jakarta.activation-api-1.2.2.jar:/Users/kaiyuan/Downloads/maven/repository/org/assertj/assertj-core/3.22.0/assertj-core-3.22.0.jar:/Users/kaiyuan/Downloads/maven/repository/org/hamcrest/hamcrest/2.2/hamcrest-2.2.jar:/Users/kaiyuan/Downloads/maven/repository/org/junit/jupiter/junit-jupiter/5.8.2/junit-jupiter-5.8.2.jar:/Users/kaiyuan/Downloads/maven/repository/org/junit/jupiter/junit-jupiter-api/5.8.2/junit-jupiter-api-5.8.2.jar:/Users/kaiyuan/Downloads/maven/repository/org/opentest4j/opentest4j/1.2.0/opentest4j-1.2.0.jar:/Users/kaiyuan/Downloads/maven/repository/org/junit/platform/junit-platform-commons/1.8.2/junit-platform-commons-1.8.2.jar:/Users/kaiyuan/Downloads/maven/repository/org/apiguardian/apiguardian-api/1.1.2/apiguardian-api-1.1.2.jar:/Users/kaiyuan/Downloads/maven/repository/org/junit/jupiter/junit-jupiter-params/5.8.2/junit-jupiter-params-5.8.2.jar:/Users/kaiyuan/Downloads/maven/repository/org/junit/jupiter/junit-jupiter-engine/5.8.2/junit-jupiter-engine-5.8.2.jar:/Users/kaiyuan/Downloads/maven/repository/org/junit/platform/junit-platform-engine/1.8.2/junit-platform-engine-1.8.2.jar:/Users/kaiyuan/Downloads/maven/repository/org/mockito/mockito-core/4.5.1/mockito-core-4.5.1.jar:/Users/kaiyuan/Downloads/maven/repository/net/bytebuddy/byte-buddy/1.12.23/byte-buddy-1.12.23.jar:/Users/kaiyuan/Downloads/maven/repository/net/bytebuddy/byte-buddy-agent/1.12.23/byte-buddy-agent-1.12.23.jar:/Users/kaiyuan/Downloads/maven/repository/org/objenesis/objenesis/3.2/objenesis-3.2.jar:/Users/kaiyuan/Downloads/maven/repository/org/mockito/mockito-junit-jupiter/4.5.1/mockito-junit-jupiter-4.5.1.jar:/Users/kaiyuan/Downloads/maven/repository/org/skyscreamer/jsonassert/1.5.1/jsonassert-1.5.1.jar:/Users/kaiyuan/Downloads/maven/repository/com/vaadin/external/google/android-json/0.0.20131108.vaadin1/android-json-0.0.20131108.vaadin1.jar:/Users/kaiyuan/Downloads/maven/repository/org/springframework/spring-core/5.3.25/spring-core-5.3.25.jar:/Users/kaiyuan/Downloads/maven/repository/org/springframework/spring-jcl/5.3.25/spring-jcl-5.3.25.jar:/Users/kaiyuan/Downloads/maven/repository/org/springframework/spring-test/5.3.25/spring-test-5.3.25.jar:/Users/kaiyuan/Downloads/maven/repository/org/xmlunit/xmlunit-core/2.9.1/xmlunit-core-2.9.1.jar:"/>
    <property name="https.proxyPort" value="7890"/>
    <property name="java.vm.vendor" value="Oracle Corporation"/>
    <property name="sun.arch.data.model" value="64"/>
    <property name="java.vendor.url" value="http://java.oracle.com/"/>
    <property name="user.timezone" value=""/>
    <property name="java.vm.specification.version" value="1.8"/>
    <property name="os.name" value="Mac OS X"/>
    <property name="user.country" value="CN"/>
    <property name="sun.java.launcher" value="SUN_STANDARD"/>
    <property name="sun.boot.library.path" value="/Library/Java/JavaVirtualMachines/jdk1.8.0_351.jdk/Contents/Home/jre/lib"/>
    <property name="sun.java.command" value="/Users/kaiyuan/Documents/projects/java/SpringBoot/springboot_04_profile/target/surefire/surefirebooter4319248563613324530.jar /Users/kaiyuan/Documents/projects/java/SpringBoot/springboot_04_profile/target/surefire 2023-03-02T22-27-18_000-jvmRun1 surefire8250685453747818895tmp surefire_07644550256928439492tmp"/>
    <property name="surefire.test.class.path" value="/Users/kaiyuan/Documents/projects/java/SpringBoot/springboot_04_profile/target/test-classes:/Users/kaiyuan/Documents/projects/java/SpringBoot/springboot_04_profile/target/classes:/Users/kaiyuan/Downloads/maven/repository/org/springframework/boot/spring-boot-starter-web/2.7.9/spring-boot-starter-web-2.7.9.jar:/Users/kaiyuan/Downloads/maven/repository/org/springframework/boot/spring-boot-starter/2.7.9/spring-boot-starter-2.7.9.jar:/Users/kaiyuan/Downloads/maven/repository/org/springframework/boot/spring-boot/2.7.9/spring-boot-2.7.9.jar:/Users/kaiyuan/Downloads/maven/repository/org/springframework/boot/spring-boot-autoconfigure/2.7.9/spring-boot-autoconfigure-2.7.9.jar:/Users/kaiyuan/Downloads/maven/repository/org/springframework/boot/spring-boot-starter-logging/2.7.9/spring-boot-starter-logging-2.7.9.jar:/Users/kaiyuan/Downloads/maven/repository/ch/qos/logback/logback-classic/1.2.11/logback-classic-1.2.11.jar:/Users/kaiyuan/Downloads/maven/repository/ch/qos/logback/logback-core/1.2.11/logback-core-1.2.11.jar:/Users/kaiyuan/Downloads/maven/repository/org/apache/logging/log4j/log4j-to-slf4j/2.17.2/log4j-to-slf4j-2.17.2.jar:/Users/kaiyuan/Downloads/maven/repository/org/apache/logging/log4j/log4j-api/2.17.2/log4j-api-2.17.2.jar:/Users/kaiyuan/Downloads/maven/repository/org/slf4j/jul-to-slf4j/1.7.36/jul-to-slf4j-1.7.36.jar:/Users/kaiyuan/Downloads/maven/repository/jakarta/annotation/jakarta.annotation-api/1.3.5/jakarta.annotation-api-1.3.5.jar:/Users/kaiyuan/Downloads/maven/repository/org/yaml/snakeyaml/1.30/snakeyaml-1.30.jar:/Users/kaiyuan/Downloads/maven/repository/org/springframework/boot/spring-boot-starter-json/2.7.9/spring-boot-starter-json-2.7.9.jar:/Users/kaiyuan/Downloads/maven/repository/com/fasterxml/jackson/core/jackson-databind/2.13.5/jackson-databind-2.13.5.jar:/Users/kaiyuan/Downloads/maven/repository/com/fasterxml/jackson/core/jackson-annotations/2.13.5/jackson-annotations-2.13.5.jar:/Users/kaiyuan/Downloads/maven/repository/com/fasterxml/jackson/core/jackson-core/2.13.5/jackson-core-2.13.5.jar:/Users/kaiyuan/Downloads/maven/repository/com/fasterxml/jackson/datatype/jackson-datatype-jdk8/2.13.5/jackson-datatype-jdk8-2.13.5.jar:/Users/kaiyuan/Downloads/maven/repository/com/fasterxml/jackson/datatype/jackson-datatype-jsr310/2.13.5/jackson-datatype-jsr310-2.13.5.jar:/Users/kaiyuan/Downloads/maven/repository/com/fasterxml/jackson/module/jackson-module-parameter-names/2.13.5/jackson-module-parameter-names-2.13.5.jar:/Users/kaiyuan/Downloads/maven/repository/org/springframework/boot/spring-boot-starter-tomcat/2.7.9/spring-boot-starter-tomcat-2.7.9.jar:/Users/kaiyuan/Downloads/maven/repository/org/apache/tomcat/embed/tomcat-embed-core/9.0.71/tomcat-embed-core-9.0.71.jar:/Users/kaiyuan/Downloads/maven/repository/org/apache/tomcat/embed/tomcat-embed-el/9.0.71/tomcat-embed-el-9.0.71.jar:/Users/kaiyuan/Downloads/maven/repository/org/apache/tomcat/embed/tomcat-embed-websocket/9.0.71/tomcat-embed-websocket-9.0.71.jar:/Users/kaiyuan/Downloads/maven/repository/org/springframework/spring-web/5.3.25/spring-web-5.3.25.jar:/Users/kaiyuan/Downloads/maven/repository/org/springframework/spring-beans/5.3.25/spring-beans-5.3.25.jar:/Users/kaiyuan/Downloads/maven/repository/org/springframework/spring-webmvc/5.3.25/spring-webmvc-5.3.25.jar:/Users/kaiyuan/Downloads/maven/repository/org/springframework/spring-aop/5.3.25/spring-aop-5.3.25.jar:/Users/kaiyuan/Downloads/maven/repository/org/springframework/spring-context/5.3.25/spring-context-5.3.25.jar:/Users/kaiyuan/Downloads/maven/repository/org/springframework/spring-expression/5.3.25/spring-expression-5.3.25.jar:/Users/kaiyuan/Downloads/maven/repository/org/springframework/boot/spring-boot-starter-test/2.7.9/spring-boot-starter-test-2.7.9.jar:/Users/kaiyuan/Downloads/maven/repository/org/springframework/boot/spring-boot-test/2.7.9/spring-boot-test-2.7.9.jar:/Users/kaiyuan/Downloads/maven/repository/org/springframework/boot/spring-boot-test-autoconfigure/2.7.9/spring-boot-test-autoconfigure-2.7.9.jar:/Users/kaiyuan/Downloads/maven/repository/com/jayway/jsonpath/json-path/2.7.0/json-path-2.7.0.jar:/Users/kaiyuan/Downloads/maven/repository/net/minidev/json-smart/2.4.8/json-smart-2.4.8.jar:/Users/kaiyuan/Downloads/maven/repository/net/minidev/accessors-smart/2.4.8/accessors-smart-2.4.8.jar:/Users/kaiyuan/Downloads/maven/repository/org/ow2/asm/asm/9.1/asm-9.1.jar:/Users/kaiyuan/Downloads/maven/repository/org/slf4j/slf4j-api/1.7.36/slf4j-api-1.7.36.jar:/Users/kaiyuan/Downloads/maven/repository/jakarta/xml/bind/jakarta.xml.bind-api/2.3.3/jakarta.xml.bind-api-2.3.3.jar:/Users/kaiyuan/Downloads/maven/repository/jakarta/activation/jakarta.activation-api/1.2.2/jakarta.activation-api-1.2.2.jar:/Users/kaiyuan/Downloads/maven/repository/org/assertj/assertj-core/3.22.0/assertj-core-3.22.0.jar:/Users/kaiyuan/Downloads/maven/repository/org/hamcrest/hamcrest/2.2/hamcrest-2.2.jar:/Users/kaiyuan/Downloads/maven/repository/org/junit/jupiter/junit-jupiter/5.8.2/junit-jupiter-5.8.2.jar:/Users/kaiyuan/Downloads/maven/repository/org/junit/jupiter/junit-jupiter-api/5.8.2/junit-jupiter-api-5.8.2.jar:/Users/kaiyuan/Downloads/maven/repository/org/opentest4j/opentest4j/1.2.0/opentest4j-1.2.0.jar:/Users/kaiyuan/Downloads/maven/repository/org/junit/platform/junit-platform-commons/1.8.2/junit-platform-commons-1.8.2.jar:/Users/kaiyuan/Downloads/maven/repository/org/apiguardian/apiguardian-api/1.1.2/apiguardian-api-1.1.2.jar:/Users/kaiyuan/Downloads/maven/repository/org/junit/jupiter/junit-jupiter-params/5.8.2/junit-jupiter-params-5.8.2.jar:/Users/kaiyuan/Downloads/maven/repository/org/junit/jupiter/junit-jupiter-engine/5.8.2/junit-jupiter-engine-5.8.2.jar:/Users/kaiyuan/Downloads/maven/repository/org/junit/platform/junit-platform-engine/1.8.2/junit-platform-engine-1.8.2.jar:/Users/kaiyuan/Downloads/maven/repository/org/mockito/mockito-core/4.5.1/mockito-core-4.5.1.jar:/Users/kaiyuan/Downloads/maven/repository/net/bytebuddy/byte-buddy/1.12.23/byte-buddy-1.12.23.jar:/Users/kaiyuan/Downloads/maven/repository/net/bytebuddy/byte-buddy-agent/1.12.23/byte-buddy-agent-1.12.23.jar:/Users/kaiyuan/Downloads/maven/repository/org/objenesis/objenesis/3.2/objenesis-3.2.jar:/Users/kaiyuan/Downloads/maven/repository/org/mockito/mockito-junit-jupiter/4.5.1/mockito-junit-jupiter-4.5.1.jar:/Users/kaiyuan/Downloads/maven/repository/org/skyscreamer/jsonassert/1.5.1/jsonassert-1.5.1.jar:/Users/kaiyuan/Downloads/maven/repository/com/vaadin/external/google/android-json/0.0.20131108.vaadin1/android-json-0.0.20131108.vaadin1.jar:/Users/kaiyuan/Downloads/maven/repository/org/springframework/spring-core/5.3.25/spring-core-5.3.25.jar:/Users/kaiyuan/Downloads/maven/repository/org/springframework/spring-jcl/5.3.25/spring-jcl-5.3.25.jar:/Users/kaiyuan/Downloads/maven/repository/org/springframework/spring-test/5.3.25/spring-test-5.3.25.jar:/Users/kaiyuan/Downloads/maven/repository/org/xmlunit/xmlunit-core/2.9.1/xmlunit-core-2.9.1.jar:"/>
    <property name="sun.cpu.endian" value="little"/>
    <property name="user.home" value="/Users/kaiyuan"/>
    <property name="user.language" value="zh"/>
    <property name="java.specification.vendor" value="Oracle Corporation"/>
    <property name="java.home" value="/Library/Java/JavaVirtualMachines/jdk1.8.0_351.jdk/Contents/Home/jre"/>
    <property name="basedir" value="/Users/kaiyuan/Documents/projects/java/SpringBoot/springboot_04_profile"/>
    <property name="https.proxyHost" value="127.0.0.1"/>
    <property name="file.separator" value="/"/>
    <property name="line.separator" value="&#10;"/>
    <property name="java.vm.specification.vendor" value="Oracle Corporation"/>
    <property name="java.specification.name" value="Java Platform API Specification"/>
    <property name="java.awt.graphicsenv" value="sun.awt.CGraphicsEnvironment"/>
    <property name="surefire.real.class.path" value="/Users/kaiyuan/Documents/projects/java/SpringBoot/springboot_04_profile/target/surefire/surefirebooter4319248563613324530.jar"/>
    <property name="sun.boot.class.path" value="/Library/Java/JavaVirtualMachines/jdk1.8.0_351.jdk/Contents/Home/jre/lib/resources.jar:/Library/Java/JavaVirtualMachines/jdk1.8.0_351.jdk/Contents/Home/jre/lib/rt.jar:/Library/Java/JavaVirtualMachines/jdk1.8.0_351.jdk/Contents/Home/jre/lib/jsse.jar:/Library/Java/JavaVirtualMachines/jdk1.8.0_351.jdk/Contents/Home/jre/lib/jce.jar:/Library/Java/JavaVirtualMachines/jdk1.8.0_351.jdk/Contents/Home/jre/lib/charsets.jar:/Library/Java/JavaVirtualMachines/jdk1.8.0_351.jdk/Contents/Home/jre/lib/jfr.jar:/Library/Java/JavaVirtualMachines/jdk1.8.0_351.jdk/Contents/Home/jre/classes"/>
    <property name="sun.management.compiler" value="HotSpot 64-Bit Tiered Compilers"/>
    <property name="java.runtime.version" value="1.8.0_351-b10"/>
    <property name="user.name" value="kaiyuan"/>
    <property name="path.separator" value=":"/>
    <property name="os.version" value="13.2.1"/>
    <property name="java.endorsed.dirs" value="/Library/Java/JavaVirtualMachines/jdk1.8.0_351.jdk/Contents/Home/jre/lib/endorsed"/>
    <property name="java.runtime.name" value="Java(TM) SE Runtime Environment"/>
    <property name="file.encoding" value="UTF-8"/>
    <property name="java.vm.name" value="Java HotSpot(TM) 64-Bit Server VM"/>
    <property name="localRepository" value="/Users/kaiyuan/Downloads/maven/repository"/>
    <property name="java.vendor.url.bug" value="http://bugreport.sun.com/bugreport/"/>
    <property name="java.io.tmpdir" value="/var/folders/12/m3m9_pnn5nv9f_zf3dtxmnp80000gn/T/"/>
    <property name="idea.version" value="2021.3.3"/>
    <property name="java.version" value="1.8.0_351"/>
    <property name="user.dir" value="/Users/kaiyuan/Documents/projects/java/SpringBoot/springboot_04_profile"/>
    <property name="os.arch" value="x86_64"/>
    <property name="socksProxyPort" value="7890"/>
    <property name="java.vm.specification.name" value="Java Virtual Machine Specification"/>
    <property name="java.awt.printerjob" value="sun.lwawt.macosx.CPrinterJob"/>
    <property name="sun.os.patch.level" value="unknown"/>
    <property name="java.library.path" value="/Users/kaiyuan/Library/Java/Extensions:/Library/Java/Extensions:/Network/Library/Java/Extensions:/System/Library/Java/Extensions:/usr/lib/java:."/>
    <property name="java.vm.info" value="mixed mode"/>
    <property name="java.vendor" value="Oracle Corporation"/>
    <property name="java.vm.version" value="25.351-b10"/>
    <property name="java.specification.maintenance.version" value="4"/>
    <property name="java.ext.dirs" value="/Users/kaiyuan/Library/Java/Extensions:/Library/Java/JavaVirtualMachines/jdk1.8.0_351.jdk/Contents/Home/jre/lib/ext:/Library/Java/Extensions:/Network/Library/Java/Extensions:/System/Library/Java/Extensions:/usr/lib/java"/>
    <property name="sun.io.unicode.encoding" value="UnicodeBig"/>
    <property name="java.class.version" value="52.0"/>
    <property name="http.proxyPort" value="7890"/>
  </properties>
  <testcase name="contextLoads" classname="com.itheima.Springboot04ProfileApplicationTests" time="0.302"/>
</testsuite>